<?xml version="1.0" encoding="UTF-8"?>
<!-- Generated by org.testng.reporters.JUnitXMLReporter -->
<testsuite ignored="0" hostname="LAPTOP-PR0SAL4D" failures="0" tests="2" name="MainTopFundraiserTest" time="30.127" errors="0" timestamp="2024-06-08T21:30:25 IST">
  <testcase classname="com.qa.igProject.tests.MainTopFundraiserTest" name="mainDonateSpcTest" time="8.425"/>
  <testcase classname="com.qa.igProject.tests.MainTopFundraiserTest" name="verifyUrlUtmTest" time="0.015"/>
</testsuite> <!-- MainTopFundraiserTest -->
