<?xml version="1.0" encoding="UTF-8"?>
<!-- Generated by org.testng.reporters.JUnitXMLReporter -->
<testsuite ignored="1" hostname="LAPTOP-PR0SAL4D" failures="0" tests="1" name="Default test" time="25.201" errors="0" timestamp="2024-06-08T20:19:29 IST">
  <testcase classname="com.qa.igProject.tests.MainTopFundraiserTest" name="mainDonateSpcTest" time="7.504"/>
  <testcase classname="com.qa.igProject.tests.MainTopFundraiserTest" name="verifyUrlUtmTest" time="0.0">
    <ignored/>
  </testcase> <!-- verifyUrlUtmTest -->
</testsuite> <!-- Default test -->
